<?xml version="1.0" encoding="UTF-8"?>
<coverage generated="1584643823627" clover="3.2.0">
  <project timestamp="1584643823627" name="All files">
    <metrics statements="4" coveredstatements="4" conditionals="0" coveredconditionals="0" methods="1" coveredmethods="1" elements="5" coveredelements="5" complexity="0" loc="4" ncloc="4" packages="1" files="2" classes="2"/>
    <file name="button.style.ts" path="C:\Users\jesus\Documents\Development\AxonBridge\src\components\button\button.style.ts">
      <metrics statements="1" coveredstatements="1" conditionals="0" coveredconditionals="0" methods="0" coveredmethods="0"/>
      <line num="4" count="1" type="stmt"/>
    </file>
    <file name="button.tsx" path="C:\Users\jesus\Documents\Development\AxonBridge\src\components\button\button.tsx">
      <metrics statements="3" coveredstatements="3" conditionals="0" coveredconditionals="0" methods="1" coveredmethods="1"/>
      <line num="10" count="1" type="stmt"/>
      <line num="11" count="1" type="stmt"/>
      <line num="12" count="1" type="stmt"/>
    </file>
  </project>
</coverage>
