{"C:\\Users\\jesus\\Documents\\Development\\AxonBridge\\src\\components\\button\\button.style.ts": {"path":"C:\\Users\\jesus\\Documents\\Development\\AxonBridge\\src\\components\\button\\button.style.ts","statementMap":{"0":{"start":{"line":4,"column":19},"end":{"line":19,"column":1}}},"fnMap":{},"branchMap":{},"s":{"0":1},"f":{},"b":{},"_coverageSchema":"1a1c01bbd47fc00a2c39e90264f33305004495a9","hash":"8610409358c8dc6e7108e4f8a11d9f91f6a063eb"}
,"C:\\Users\\jesus\\Documents\\Development\\AxonBridge\\src\\components\\button\\button.tsx": {"path":"C:\\Users\\jesus\\Documents\\Development\\AxonBridge\\src\\components\\button\\button.tsx","statementMap":{"0":{"start":{"line":10,"column":39},"end":{"line":17,"column":1}},"1":{"start":{"line":11,"column":42},"end":{"line":11,"column":47}},"2":{"start":{"line":12,"column":2},"end":{"line":16,"column":4}}},"fnMap":{"0":{"name":"(anonymous_0)","decl":{"start":{"line":10,"column":39},"end":{"line":10,"column":40}},"loc":{"start":{"line":10,"column":64},"end":{"line":17,"column":1}},"line":10}},"branchMap":{},"s":{"0":1,"1":1,"2":1},"f":{"0":1},"b":{},"_coverageSchema":"1a1c01bbd47fc00a2c39e90264f33305004495a9","hash":"48cbc0f66fb12e7fab6476cc299a8c3d8ed7c537"}
}
